2021/12/19 21:18:13 [notice] 1#1: using the "epoll" event method
2021/12/19 21:18:13 [notice] 1#1: nginx/1.21.4
2021/12/19 21:18:13 [notice] 1#1: built by gcc 10.2.1 20210110 (Debian 10.2.1-6) 
2021/12/19 21:18:13 [notice] 1#1: OS: Linux 5.10.47-linuxkit
2021/12/19 21:18:13 [notice] 1#1: getrlimit(RLIMIT_NOFILE): 1048576:1048576
2021/12/19 21:18:13 [notice] 1#1: start worker processes
2021/12/19 21:18:13 [notice] 1#1: start worker process 31
2021/12/19 21:18:13 [notice] 1#1: start worker process 32
2021/12/19 21:18:13 [notice] 1#1: start worker process 33
2021/12/19 21:18:13 [notice] 1#1: start worker process 34
2021/12/19 21:26:42 [error] 31#31: *2 open() "/usr/share/nginx/html/favicon.ico" failed (2: No such file or directory), client: 172.18.0.1, server: localhost, request: "GET /favicon.ico HTTP/1.1", host: "localhost", referrer: "http://localhost/"
2021/12/20 01:38:18 [error] 31#31: *4 open() "/usr/share/nginx/html/aaa" failed (2: No such file or directory), client: 172.18.0.1, server: localhost, request: "GET /aaa HTTP/1.1", host: "localhost"
2021/12/20 01:42:09 [notice] 1#1: using the "epoll" event method
2021/12/20 01:42:09 [notice] 1#1: nginx/1.21.4
2021/12/20 01:42:09 [notice] 1#1: built by gcc 10.2.1 20210110 (Debian 10.2.1-6) 
2021/12/20 01:42:09 [notice] 1#1: OS: Linux 5.10.47-linuxkit
2021/12/20 01:42:09 [notice] 1#1: getrlimit(RLIMIT_NOFILE): 1048576:1048576
2021/12/20 01:42:09 [notice] 1#1: start worker processes
2021/12/20 01:42:09 [notice] 1#1: start worker process 23
2021/12/20 01:42:09 [notice] 1#1: start worker process 24
2021/12/20 01:42:09 [notice] 1#1: start worker process 25
2021/12/20 01:42:09 [notice] 1#1: start worker process 26
2021/12/20 01:42:29 [notice] 1#1: using the "epoll" event method
2021/12/20 01:42:29 [notice] 1#1: nginx/1.21.4
2021/12/20 01:42:29 [notice] 1#1: built by gcc 10.2.1 20210110 (Debian 10.2.1-6) 
2021/12/20 01:42:29 [notice] 1#1: OS: Linux 5.10.47-linuxkit
2021/12/20 01:42:29 [notice] 1#1: getrlimit(RLIMIT_NOFILE): 1048576:1048576
2021/12/20 01:42:29 [notice] 1#1: start worker processes
2021/12/20 01:42:29 [notice] 1#1: start worker process 26
2021/12/20 01:42:29 [notice] 1#1: start worker process 27
2021/12/20 01:42:29 [notice] 1#1: start worker process 28
2021/12/20 01:42:29 [notice] 1#1: start worker process 29
2021/12/20 01:43:18 [notice] 1#1: using the "epoll" event method
2021/12/20 01:43:18 [notice] 1#1: nginx/1.21.4
2021/12/20 01:43:18 [notice] 1#1: built by gcc 10.2.1 20210110 (Debian 10.2.1-6) 
2021/12/20 01:43:18 [notice] 1#1: OS: Linux 5.10.47-linuxkit
2021/12/20 01:43:18 [notice] 1#1: getrlimit(RLIMIT_NOFILE): 1048576:1048576
2021/12/20 01:43:18 [notice] 1#1: start worker processes
2021/12/20 01:43:18 [notice] 1#1: start worker process 24
2021/12/20 01:43:18 [notice] 1#1: start worker process 25
2021/12/20 01:43:18 [notice] 1#1: start worker process 26
2021/12/20 01:43:18 [notice] 1#1: start worker process 27
2021/12/20 01:43:49 [notice] 1#1: using the "epoll" event method
2021/12/20 01:43:49 [notice] 1#1: nginx/1.21.4
2021/12/20 01:43:49 [notice] 1#1: built by gcc 10.2.1 20210110 (Debian 10.2.1-6) 
2021/12/20 01:43:49 [notice] 1#1: OS: Linux 5.10.47-linuxkit
2021/12/20 01:43:49 [notice] 1#1: getrlimit(RLIMIT_NOFILE): 1048576:1048576
2021/12/20 01:43:49 [notice] 1#1: start worker processes
2021/12/20 01:43:49 [notice] 1#1: start worker process 25
2021/12/20 01:43:49 [notice] 1#1: start worker process 26
2021/12/20 01:43:49 [notice] 1#1: start worker process 27
2021/12/20 01:43:49 [notice] 1#1: start worker process 28
2021/12/20 02:54:26 [error] 25#25: *3 open() "/usr/share/nginx/html/aaa" failed (2: No such file or directory), client: 172.18.0.1, server: localhost, request: "GET /aaa HTTP/1.1", host: "localhost"
2021/12/20 02:54:27 [error] 25#25: *3 open() "/usr/share/nginx/html/aaa" failed (2: No such file or directory), client: 172.18.0.1, server: localhost, request: "GET /aaa HTTP/1.1", host: "localhost"
2021/12/20 02:56:08 [error] 25#25: *5 open() "/usr/share/nginx/html/bbb" failed (2: No such file or directory), client: 172.18.0.1, server: localhost, request: "GET /bbb HTTP/1.1", host: "localhost"
